<?xml version="1.0" encoding="UTF-8"?>
<!-- Generated by org.testng.reporters.JUnitReportReporter -->
<testsuite hostname="Aditi" failures="0" tests="1" name="calculatornet.Multiplication_2" time="2.941" errors="0" timestamp="2021-11-19T11:32:29 IST" skipped="0">
  <testcase classname="calculatornet.Multiplication_2" name="f" time="2.941"/>
  <system-out/>
</testsuite> <!-- calculatornet.Multiplication_2 -->
