<?xml version="1.0" encoding="UTF-8"?>
<!-- Generated by org.testng.reporters.JUnitReportReporter -->
<testsuite hostname="Aditi" failures="0" tests="1" name="calculatornet.Multiplication_1" time="10.560" errors="0" timestamp="2021-11-19T11:29:26 IST" skipped="0">
  <testcase classname="calculatornet.Multiplication_1" name="f" time="10.560"/>
  <system-out/>
</testsuite> <!-- calculatornet.Multiplication_1 -->
